{"content": {"suites": {"0": {"status": {"total_pass": 0, "total_skip": 0, "total_xpass": 0, "total_xfail": 0, "total_rerun": 0, "total_fail": 1, "total_error": 0}, "tests": {"0": {"status": "FAIL", "message": "   selenium.common.exceptions.ElementClickInterceptedException: Message: element click intercepted: Element <input class=\"gLFyf gsfi\" jsaction=\"paste:puy29d;\" maxlength=\"2048\" name=\"q\" type=\"text\" aria-autocomplete=\"both\" aria-haspopup=\"false\" autocapitalize=\"off\" autocomplete=\"off\" autocorrect=\"off\" autofocus=\"\" role=\"combobox\" spellcheck=\"false\" title=\"Hledat\" value=\"\" aria-label=\"Naj\u00edt\" data-ved=\"0ahUKEwiEp4Ky9534AhXHSPEDHb_TABoQ39UDCAQ\"> is not clickable at point (906, 398). Other element would receive the click: <div class=\"AG96lb\">...</div>\n     (Session info: chrome=101.0.4951.64)\n   Stacktrace:\n   #0 0x5627d41fe533 <unknown>\n   #1 0x5627d3f5d1e8 <unknown>\n   #2 0x5627d3f9a972 <unknown>\n   #3 0x5627d3f984d2 <unknown>\n   #4 0x5627d3f95b64 <unknown>\n   #5 0x5627d3f94902 <unknown>\n   #6 0x5627d3f884a9 <unknown>\n   #7 0x5627d3fb0f42 <unknown>\n   #8 0x5627d3f87d63 <unknown>\n   #9 0x5627d3fb104e <unknown>\n   #10 0x5627d3fc4224 <unknown>\n   #11 0x5627d3fb0e33 <unknown>\n   #12 0x5627d3f8671a <unknown>\n   #13 0x5627d3f87875 <unknown>\n   #14 0x5627d4242e1d <unknown>\n   #15 0x5627d4246751 <unknown>\n   #16 0x5627d422d07e <unknown>\n   #17 0x5627d4247388 <unknown>\n   #18 0x5627d4221fe0 <unknown>\n   #19 0x5627d4263748 <unknown>\n   #20 0x5627d42638c8 <unknown>\n   #21 0x5627d427d70d <unknown>\n   #22 0x7fe2e94b0609 <unknown>\n", "test_name": "test_testTry", "rerun": "0"}}, "suite_name": "tests/test_check_value.py"}, "1": {"suite_name": "tests/test_math.py", "tests": {"0": {"status": "PASS", "message": "", "test_name": "test_addition", "rerun": "0"}}, "status": {"total_pass": 1, "total_skip": 0, "total_xpass": 0, "total_xfail": 0, "total_rerun": 0, "total_fail": 0, "total_error": 0}}, "2": {"suite_name": "tests/test_three.py", "tests": {"0": {"status": "PASS", "message": "", "test_name": "test_multiplication[0-5-0]", "rerun": "0"}, "1": {"status": "PASS", "message": "", "test_name": "test_multiplication[1-5-5]", "rerun": "0"}, "2": {"status": "PASS", "message": "", "test_name": "test_multiplication[2-5-10]", "rerun": "0"}, "3": {"status": "PASS", "message": "", "test_name": "test_multiplication[-3-5--15]", "rerun": "0"}, "4": {"status": "PASS", "message": "", "test_name": "test_multiplication[-4--5-20]", "rerun": "0"}}, "status": {"total_pass": 5, "total_skip": 0, "total_xpass": 0, "total_xfail": 0, "total_rerun": 0, "total_fail": 0, "total_error": 0}}, "3": {"suite_name": "tests/test_two.py", "tests": {"0": {"status": "PASS", "message": "", "test_name": "test_subtraction", "rerun": "0"}}, "status": {"total_pass": 1, "total_skip": 0, "total_xpass": 0, "total_xfail": 0, "total_rerun": 0, "total_fail": 0, "total_error": 0}}, "4": {"suite_name": "tests/test_verify.py", "tests": {"0": {"status": "PASS", "message": "", "test_name": "test_multiplication[0-5-0]", "rerun": "0"}, "1": {"status": "PASS", "message": "", "test_name": "test_multiplication[1-5-5]", "rerun": "0"}, "2": {"status": "PASS", "message": "", "test_name": "test_multiplication[2-5-10]", "rerun": "0"}, "3": {"status": "PASS", "message": "", "test_name": "test_multiplication[-3-5--15]", "rerun": "0"}, "4": {"status": "PASS", "message": "", "test_name": "test_multiplication[-4--5-20]", "rerun": "0"}, "5": {"status": "PASS", "message": "", "test_name": "test_divide_by_zero", "rerun": "0"}}, "status": {"total_pass": 6, "total_skip": 0, "total_xpass": 0, "total_xfail": 0, "total_rerun": 0, "total_fail": 0, "total_error": 0}}, "5": {"suite_name": "tests/test_web.py", "tests": {"0": {"status": "FAIL", "message": "   selenium.common.exceptions.WebDriverException: Message: TypeError: browsingContext.currentWindowGlobal is null\n   Stacktrace:\n   getMarionetteCommandsActorProxy/get/<@chrome://remote/content/marionette/actors/MarionetteCommandsParent.jsm:332:29\n", "test_name": "test_basic_duckduckgo_search", "rerun": "0"}}, "status": {"total_pass": 0, "total_skip": 0, "total_xpass": 0, "total_xfail": 0, "total_rerun": 0, "total_fail": 1, "total_error": 0}}}}, "date": "June 08, 2022", "start_time": 1654693970.9309344, "total_suite": 6, "status": "FAIL", "status_list": {"pass": "13", "fail": "2", "skip": "0", "error": "0", "xpass": "0", "xfail": "0", "rerun": "0"}, "total_tests": "15"}